         w __deregister_frame_info
         w __register_frame_info
         w _ITM_deregisterTMCloneTable
         w _ITM_registerTMCloneTable
00000000 b .LANCHOR1
00000000 00000401 b __fixedpath
00000000 b _TLS_MODULE_BASE_
00000000 a shift
00000000 a shift
00000404 b .LANCHOR3
00000404 00000802 b __utf16path
00000c08 b .LANCHOR5
00000c08 00000802 b __utf16path_old.8555
00100000 A __start__
00100000 T _start
00100008 T __service_ptr
0010000c T __apt_appid
00100010 T __heap_size
00100014 T __linear_heap_size
00100018 T __system_arglist
0010001c T __system_runflags
00100020 t startup
00100058 t ClearMem
0010006c t ClrLoop
00100094 T _init
001000b0 00000024 T getXSpeed(int, int)
001000d4 00000020 T getYSpeed(int, int)
001000f4 00000008 T getXCoord(int, int)
001000fc 00000008 T getYCoord(int, int)
00100104 0000000c T getTouchXDiff(int, int)
00100110 0000000c T getTouchYDiff(int, int)
0010011c 0000002c T trsltLowX(int)
00100148 00000008 T trsltLowY(int)
00100150 00000080 T calcBarrelX4(float, int, int, int)
001001d0 00000088 T calcBarrelY4(float, int, int, int)
00100258 00000080 T calcBarrelX2(float, int, int, int)
001002d8 00000088 T calcBarrelY2(float, int, int, int)
00100360 00000058 T calcBarrelX3(float, int, int)
001003b8 00000058 T calcBarrelY3(float, int, int)
00100410 00000058 T calcBarrelX1(float, int, int)
00100468 00000058 T calcBarrelY1(float, int, int)
001004c0 T initSystem
00100504 T __ctru_exit
00100524 T __aeabi_idiv
00100524 00000220 T __divsi3
0010052c t .divsi3_skip_div0_test
00100744 00000020 T __aeabi_idivmod
00100764 00000004 W __aeabi_idiv0
00100764 00000004 W __aeabi_ldiv0
00100768 T __aeabi_uldivmod
001007c8 00000390 T strcmp
00100b50 t .udivsi3_skip_div0_test
00100b50 T __aeabi_uidiv
00100b50 000001ec T __udivsi3
00100d3c 00000020 T __aeabi_uidivmod
00100d5c t deregister_tm_clones
00100d88 t register_tm_clones
00100dc0 t __do_global_dtors_aux
00100e04 t frame_dummy
00100e38 00000440 T main
00101278 0000032c T C2D_Init
001015a4 00000048 T C2D_Fini
001015ec 000000c8 T C2D_Prepare
001016b4 0000010c T C2D_SceneSize
001017c0 00000044 T C2D_CreateScreenTarget
00101804 00000030 T C2Di_FlushVtxBuf
00101834 00000020 t C2Di_FrameEndHook
00101854 00000018 T C2D_Flush
0010186c 00000030 T C2D_TargetClear
0010189c 00000218 T C2Di_Update
00101ab4 00000130 T C2D_DrawTriangle
00101be4 000001c0 T C2D_DrawRectangle
00101da4 000001a8 T C2D_DrawEllipse
00101f4c 000002b8 T C3D_UpdateUniforms
00102204 000000c0 T C3Di_DirtyUniforms
001022c4 000000e0 T C3Di_LoadShaderUniforms
001023a4 00000028 T C3Di_ClearShaderUniforms
001023cc 00000028 T AttrInfo_Init
001023f4 000000a0 T AttrInfo_AddLoader
00102494 00000054 T C3D_SetAttrInfo
001024e8 00000080 T C3Di_AttrInfoBind
00102568 00000040 T C3D_DepthMap
001025a8 0000001c T C3D_CullFace
001025c4 00000040 T C3D_StencilTest
00102604 00000024 T C3D_StencilOp
00102628 0000001c T C3D_BlendingColor
00102644 00000024 T C3D_EarlyDepthTest
00102668 0000002c T C3D_DepthTest
00102694 0000002c T C3D_AlphaTest
001026c0 00000050 T C3D_AlphaBlend
00102710 00000030 T C3D_FragOpMode
00102740 00000044 T C3D_FragOpShadow
00102784 000001ac T C3Di_EffectBind
00102930 00000148 T C3D_DrawArrays
00102a78 00000024 T BufInfo_Init
00102a9c 00000084 T BufInfo_Add
00102b20 00000040 T C3D_SetBufInfo
00102b60 00000048 T C3Di_BufInfoBind
00102ba8 0000006c T C3D_ProcTexInit
00102c14 00000050 T C3D_ProcTexBind
00102c64 00000060 T C3D_ProcTexLutBind
00102cc4 000000a4 T ProcTexLut_FromArray
00102d68 00000174 T C3Di_ProcTexUpdate
00102edc 00000068 T C3Di_ProcTexDirty
00102f44 00000034 T C3D_GetTexEnv
00102f78 00000024 T C3Di_TexEnvBind
00102f9c 0000001c T C3D_CalcColorBufSize
00102fb8 0000001c T C3D_CalcDepthBufSize
00102fd4 00000044 T C3D_SetFrameBuf
00103018 00000168 T C3Di_FrameBufBind
00103180 000000c8 T C3D_FrameBufClear
00103248 00000048 T C3D_FrameBufTransfer
00103290 00000048 T C3D_TexBind
001032d8 00000174 T C3Di_SetTex
0010344c 00000054 t C3Di_RenderQueueInit
001034a0 00000080 t C3Di_RenderTargetDestroy
00103520 000000ac t onVBlank1
001035cc 0000013c t onVBlank0
00103708 0000000c t C3Di_RenderTargetNew
00103714 0000007c t C3Di_WaitAndClearQueue
00103790 000000c0 t onQueueFinish
00103850 00000044 t C3D_FrameSplit.part.6
00103894 00000030 T C3D_FrameSync
001038c4 000000a0 T C3Di_RenderQueueExit
00103964 00000020 T C3Di_RenderQueueWaitDone
00103984 0000007c T C3D_FrameBegin
00103a00 00000048 T C3D_FrameDrawOn
00103a48 00000018 T C3D_FrameSplit
00103a60 00000164 T C3D_FrameEnd
00103bc4 0000001c T C3D_FrameEndHook
00103be0 0000017c T C3D_RenderTargetCreate
00103d5c 0000004c T C3D_RenderTargetSetOutput
00103da8 000000c4 t C3Di_SplitFrame.part.1
00103e6c 00000004 W C3Di_LightEnvUpdate
00103e70 00000004 W C3Di_LightEnvDirty
00103e74 000000ac t C3Di_AptEventHook
00103f20 00000004 W C3Di_GasUpdate
00103f24 0000021c T C3D_Init
00104140 00000098 T C3D_SetViewport
001041d8 0000050c T C3Di_UpdateContext
001046e4 00000020 T C3Di_SplitFrame
00104704 00000064 T C3D_Fini
00104768 00000114 T C3D_BindProgram
0010487c 000000cc T Mtx_OrthoTilt
00104948 000000cc T Mtx_Ortho
00104a14 000000a4 T C3D_ImmSendAttrib
00104ab8 00000024 t addrMapNodeComparator(rbtree_node const*, rbtree_node const*)
00104adc 00000004 t addrMapNodeDestructor(rbtree_node*)
00104ae0 00000110 T vramMemAlign
00104bf0 00000008 T vramAlloc
00104bf8 00000050 T vramFree
00104c48 00000024 t addrMapNodeComparator(rbtree_node const*, rbtree_node const*)
00104c6c 00000004 t addrMapNodeDestructor(rbtree_node*)
00104c70 0000011c T linearMemAlign
00104d8c 00000008 T linearAlloc
00104d94 00000050 T linearFree
00104de4 00000090 T MemPool::CoalesceRight(MemBlock*)
00104e74 00000174 T MemPool::Allocate(MemChunk&, unsigned long, int)
00104fe8 000000fc T MemPool::Deallocate(MemChunk const&)
001050e4 00000058 t getSysTime
0010513c 00000028 t __ctru_speedup_config.part.0
00105164 0000004c T osConvertVirtToPhys
001051b0 00000024 T osGetMemRegionUsed
001051d8 00000128 T __libctru_gtod
00105300 00000018 T __ctru_speedup_config
00105318 000001b8 T consoleDrawChar
001054d0 00000124 T consolePrintChar
001055f4 00000164 t consoleCls
00105758 00000104 T consoleInit
0010585c 00000114 t consoleClearLine
00105970 000000c4 t newRow
00105a34 000007b8 T con_write
001061ec 0000000c T consoleClear
001061f8 0000008c t gfxSetFramebufferInfo.part.0
00106284 0000006c t gfxSetFramebufferInfo
001062f0 00000058 t gfxGetFramebuffer.part.1
00106348 00000010 T gfxIs3D
00106358 00000018 T __get_bytes_per_pixel
00106370 00000184 T gfxSetScreenFormat
001064f4 00000010 T gfxSetDoubleBuffering
00106504 00000210 T gfxInit
00106714 00000010 T gfxInitDefault
00106724 000000e0 T gfxExit
00106804 00000060 T gfxGetFramebuffer
00106864 000000cc T gfxFlushBuffers
00106930 000000f8 T gfxConfigScreen
00106a28 00000020 T gfxSwapBuffersGpu
00106a48 000001ec T shaderInstanceInit
00106c34 00000034 T shaderInstanceFree
00106c68 00000018 T shaderInstanceGetUniformLocation
00106c80 00000018 T shaderProgramInit
00106c98 0000002c T shaderProgramFree
00106cc4 0000006c T shaderProgramSetVsh
00106d30 000008d4 T shaderProgramConfigure
00107604 000001f8 t DVLE_GenerateOutmap.part.0
001077fc 000001cc T DVLB_ParseFile
001079c8 00000038 T DVLB_Free
00107a00 00000078 T DVLE_GetUniformRegister
00107a78 00000038 t submitGxCommand
00107ab0 00000010 T GX_BindQueue
00107ac0 00000050 T GX_ProcessCommandList
00107b10 00000054 T GX_MemoryFill
00107b64 00000048 T GX_DisplayTransfer
00107bac 00000074 t gxCmdQueueDoCommands.part.0
00107c20 000000c8 T gxCmdQueueInterrupt
00107ce8 0000004c T gxCmdQueueClear
00107d34 000000f8 T gxCmdQueueAdd
00107e2c 00000080 T gxCmdQueueRun
00107eac 00000060 T gxCmdQueueStop
00107f0c 00000084 T gxCmdQueueWait
00107f90 00000138 T GPUCMD_Add
001080c8 000000b0 T GPUCMD_Split
00108178 00000034 T f32tof16
001081ac 00000034 T f32tof24
001081e0 00000038 T f32tof31
00108218 00000074 T gspInit
0010828c 0000003c T gspExit
001082c8 00000034 T gspSetEventCallback
001082fc 000000a0 T gspInitEventHandler
0010839c 00000040 T gspExitEventHandler
001083dc 00000044 T gspWaitForEvent
00108420 00000064 T gspWaitForAnyEvent
00108484 00000178 t gspEventThreadMain
001085fc 00000120 T gspSubmitGxCommand
0010871c 0000006c T GSPGPU_SetBufferSwap
00108788 0000004c T GSPGPU_FlushDataCache
001087d4 00000034 T GSPGPU_SetLcdForceBlack
00108808 00000064 T GSPGPU_RegisterInterruptRelayQueue
0010886c 0000002c T GSPGPU_UnregisterInterruptRelayQueue
00108898 00000048 T GSPGPU_AcquireRight
001088e0 0000002c T GSPGPU_ReleaseRight
0010890c 00000080 T GSPGPU_ImportDisplayCaptureInfo
0010898c 0000002c T GSPGPU_SaveVramSysArea
001089b8 0000002c T GSPGPU_RestoreVramSysArea
001089e4 00000004 W _aptDebug
001089e8 00000170 T aptSendCommand
00108b58 0000003c t aptExitProcess
00108b94 00000034 T aptHook
00108bc8 0000002c T aptUnhook
00108bf4 0000004c T APT_InquireNotification
00108c40 00000198 t aptEventHandler
00108dd8 00000074 T APT_AppletUtility
00108e4c 000000b0 T aptSetSleepAllowed
00108efc 000000b0 T APT_GlanceParameter
00108fac 000000c4 T APT_ReceiveParameter
00109070 000000bc t aptReceiveParameter.constprop.0
00109130 000001e0 t aptScreenTransfer
00109310 00000210 t aptWaitForWakeUp
00109520 00000070 T APT_CancelParameter
00109590 0000025c T aptInit
001097ec 00000088 t aptClearParamQueue
00109874 00000208 T aptMainLoop
00109a80 0000023c T aptExit
00109cbc 0000007c T APT_CheckNew3DS
00109d38 00000028 t hidCheckSectionUpdateTime.part.0
00109d60 000000d0 T hidExit
00109e30 00000210 T hidScanInput
0010a040 00000010 T hidKeysDown
0010a050 00000018 T hidTouchRead
0010a068 00000018 T hidCircleRead
0010a080 00000090 T HIDUSER_GetHandles
0010a110 000001a4 T hidInit
0010a2b4 00000074 T ptmSysmInit
0010a328 0000003c T ptmSysmExit
0010a364 00000034 T PTMSYSM_ConfigureNew3DSCPU
0010a398 00000014 T rbtree_init
0010a3ac 0000018c t do_insert
0010a538 00000008 T rbtree_insert
0010a540 00000090 T rbtree_rotate
0010a5d0 00000330 T rbtree_remove
0010a900 00000074 T rbtree_find
0010a974 00000038 W __libctru_init
0010a9ac 00000038 t __libctru_nanosleep
0010a9e4 00000030 t __ctru_get_reent
0010aa14 000000fc T __system_initSyscalls
0010ab10 00000104 W __system_allocateHeaps
0010ac14 000000f0 T __system_initArgv
0010ad04 T svcControlMemory
0010ad24 T svcExitProcess
0010ad2c T svcCreateThread
0010ad4c T svcExitThread
0010ad54 T svcSleepThread
0010ad5c T svcReleaseMutex
0010ad64 T svcCreateEvent
0010ad78 T svcSignalEvent
0010ad80 T svcClearEvent
0010ad88 T svcMapMemoryBlock
0010ad90 T svcUnmapMemoryBlock
0010ad98 T svcCreateAddressArbiter
0010adac T svcArbitrateAddress
0010adc4 T svcCloseHandle
0010adcc T svcWaitSynchronization
0010add4 T svcWaitSynchronizationN
0010adfc T svcDuplicateHandle
0010ae10 T svcGetSystemTick
0010ae18 T svcGetSystemInfo
0010ae30 T svcConnectToPort
0010ae44 T svcSendSyncRequest
0010ae4c T svcBreak
0010ae54 00000024 t addrMapNodeComparator(rbtree_node const*, rbtree_node const*)
0010ae78 00000004 t addrMapNodeDestructor(rbtree_node*)
0010ae7c 000000e4 T mappableAlloc
0010af60 00000050 T mappableFree
0010afb0 00000038 t LightLock_Unlock.part.1
0010afe8 0000000c T __sync_init
0010aff4 00000018 T __sync_fini
0010b00c 00000010 T __sync_get_arbiter
0010b01c 00000018 T LightLock_Init
0010b034 0000009c T LightLock_Lock
0010b0d0 00000034 T LightLock_TryLock
0010b104 00000020 T LightLock_Unlock
0010b124 00000024 T RecursiveLock_Init
0010b148 00000030 T RecursiveLock_Lock
0010b178 00000058 T RecursiveLock_TryLock
0010b1d0 00000038 T RecursiveLock_Unlock
0010b208 00000038 T LightEvent_Init
0010b240 0000007c T LightEvent_Clear
0010b2bc 000000dc T LightEvent_Signal
0010b398 000000c0 T LightEvent_Wait
0010b458 00000058 T srvExit
0010b4b0 00000038 T srvRegisterClient
0010b4e8 000000c8 T srvInit
0010b5b0 00000080 T srvGetServiceHandleDirect
0010b630 00000038 T srvGetServiceHandle
0010b668 0000001c t threadFree.part.0
0010b684 00000194 T threadCreate
0010b818 00000024 T threadJoin
0010b83c 00000068 T threadExit
0010b8a4 00000048 t _thread_begin
0010b8ec 000000ac T irrstScanInput
0010b998 00000024 T irrstKeysHeld
0010b9bc 00000050 T IRRST_GetHandles
0010ba0c 00000154 T irrstInit
0010bb60 0000002c T IRRST_Shutdown
0010bb8c 000000ac T irrstExit
0010bc38 0000000c T srvPmGetSessionHandle
0010bc44 00000078 T rbtree_node_next
0010bcbc 0000001c W __appInit
0010bcd8 0000001c W __appExit
0010bcf4 000000a0 W __libctru_exit
0010bd94 00000080 T envGetHandle
0010be14 0000004c T envDestroyHandles
0010be60 00000010 t sdmc_link
0010be70 00000010 t sdmc_dirreset
0010be80 00000010 t sdmc_chmod
0010be90 00000024 t error_cmp
0010beb4 00000050 t sdmc_translate_error
0010bf04 00000034 t sdmc_fsync
0010bf38 00000054 t sdmc_ftruncate
0010bf8c 000000b8 t sdmc_statvfs
0010c044 00000038 t sdmc_dirclose
0010c07c 0000012c t sdmc_dirnext
0010c1a8 00000034 t sdmc_close
0010c1dc 00000074 t sdmc_fstat
0010c250 000000d8 t sdmc_seek
0010c328 00000084 t sdmc_read
0010c3ac 000000c0 t sdmc_write
0010c46c 000001b0 t sdmc_utf16path
0010c61c 00000074 t sdmc_rmdir
0010c690 000000a4 t sdmc_diropen
0010c734 000000b0 t sdmc_chdir
0010c7e4 00000094 t sdmc_mkdir
0010c878 00000108 t sdmc_rename
0010c980 00000074 t sdmc_unlink
0010c9f4 00000108 t sdmc_stat
0010cafc 00000198 t sdmc_open
0010cc94 00000010 t sdmc_fchmod
0010cca4 00000168 T sdmcInit
0010ce0c 00000060 T sdmcExit
0010ce6c 00000028 t fsSessionForArchive.part.0
0010ce94 000000c4 T fsInit
0010cf58 0000003c T fsExit
0010cf94 00000064 T fsExemptFromSession
0010cff8 00000054 T fsUnexemptFromSession
0010d04c 000000bc T FSUSER_OpenFile
0010d108 000000a4 T FSUSER_DeleteFile
0010d1ac 000000dc T FSUSER_RenameFile
0010d288 000000a4 T FSUSER_DeleteDirectory
0010d32c 000000bc T FSUSER_CreateFile
0010d3e8 000000ac T FSUSER_CreateDirectory
0010d494 000000dc T FSUSER_RenameDirectory
0010d570 000000a0 T FSUSER_OpenDirectory
0010d610 00000098 T FSUSER_OpenArchive
0010d6a8 00000070 T FSUSER_CloseArchive
0010d718 00000078 T FSUSER_GetSdmcArchiveResource
0010d790 00000064 T FSUSER_IsSdmcWritable
0010d7f4 00000058 T FSFILE_Read
0010d84c 00000064 T FSFILE_Write
0010d8b0 00000038 T FSFILE_GetSize
0010d8e8 00000028 T FSFILE_SetSize
0010d910 0000003c T FSFILE_Close
0010d94c 00000024 T FSFILE_Flush
0010d970 00000054 T FSDIR_Read
0010d9c4 0000003c T FSDIR_Close
0010da00 000000e8 T utf16_to_utf8
0010dae8 00000060 T decode_utf16
0010db48 00000138 T decode_utf8
0010dc80 000000c0 T utf8_to_utf16
0010dd40 T __aeabi_read_tp
0010dd4c 00000068 T encode_utf16
0010ddb4 00000104 T encode_utf8
0010deb8 000000c0 T cosf
0010df78 000000c8 T sinf
0010e040 00000004 T atan2
0010e048 0000029c T __ieee754_atan2
0010e2e4 000002e0 T __ieee754_rem_pio2f
0010e5c4 00000124 T __kernel_cosf
0010e6e8 00000868 T __kernel_rem_pio2f
0010ef50 000000a0 T __kernel_sinf
0010eff0 0000026c T atan
0010f25c 00000014 T fabs
0010f270 00000010 T fabsf
0010f280 000000b4 T floorf
0010f334 00000124 T scalbnf
0010f458 0000001c T copysignf
0010f474 0000002c T __aeabi_d2lz
0010f474 0000002c T __fixdfdi
0010f4a0 00000040 T __aeabi_d2ulz
0010f4a0 00000040 T __fixunsdfdi
0010f4e0 00000128 T __udivmoddi4
0010f608 0000007c T bsearch
0010f684 00000020 T calloc
0010f6a4 00000094 T _calloc_r
0010f738 00000040 T __libc_fini_array
0010f778 0000007c T __libc_init_array
0010f7f4 00000038 T iprintf
0010f82c 00000020 T memalign
0010f84c 0000014c T _memalign_r
0010f998 00000018 T malloc
0010f9b0 00000018 T free
0010f9c8 0000078c T _malloc_r
00110154 00000100 T memchr
00110254 00000118 T memcpy
0011036c 00000114 T memset
00110480 0000000c T __malloc_lock
0011048c 0000000c T __malloc_unlock
00110498 00000038 T printf
001104d0 0000025c T setvbuf
0011072c 00000074 T sscanf
001107a0 0000003c T __sread
001107dc 00000008 T __seofread
001107e4 00000068 T __swrite
0011084c 00000048 T __sseek
00110894 00000008 T __sclose
0011089c 0000005c T strlen
001108f8 00000098 T strncat
00110990 000000e0 T strncpy
00110a70 0000005c T strnlen
00110acc 00000048 t get_arg
00110b14 00002b48 T __ssvfscanf_r
0011365c 00000630 t get_arg
00113c8c 00000034 T __sprint_r
00113cc0 00002544 T _vfiprintf_r
00116204 000000d0 t __sbprintf
001162d4 00000630 t get_arg
00116908 00003724 T _vfprintf_r
0011a02c 000000d0 t __sbprintf
0011a0fc 000000a0 T _wcrtomb_r
0011a19c 00000020 T _wcsrtombs_r
0011a1bc 00000150 T __swsetup_r
0011a30c 000001c8 t quorem
0011a4d8 000012e4 T _dtoa_r
0011b7bc 00000270 T __sflush_r
0011ba2c 00000094 T _fflush_r
0011bac0 00000078 t std
0011bb38 0000000c T _cleanup_r
0011bb44 0000008c T __sinit
0011bbd0 0000000c T __sfp_lock_acquire
0011bbdc 0000000c T __sfp_lock_release
0011bbe8 000000f8 T _malloc_trim_r
0011bce0 000002e4 T _free_r
0011bfc4 000004a4 T __sfvwrite_r
0011c468 00000080 T _fwalk_reent
0011c4e8 00000074 T iswspace
0011c55c 000001e0 t __jp2uc
0011c73c 000000c4 T _jp2uc
0011c800 00000008 T __localeconv_l
0011c808 00000024 T _localeconv_r
0011c82c 00000024 T __locale_mb_cur_max
0011c850 00000008 T __locale_ctype_ptr_l
0011c858 00000024 T __locale_ctype_ptr
0011c87c 00000094 T __swhatbuf_r
0011c910 000000f4 T __smakebuf_r
0011ca04 000000b4 T _mbrtowc_r
0011cab8 000002fc T __utf8_mbtowc
0011cdb4 00000154 T memmove
0011cf08 00000088 T _Balloc
0011cf90 0000001c T _Bfree
0011cfac 000000e0 T __multadd
0011d08c 000000e4 T __s2b
0011d170 00000058 T __hi0bits
0011d1c8 0000009c T __lo0bits
0011d264 00000020 T __i2b
0011d284 000001c4 T __multiply
0011d448 00000100 T __pow5mult
0011d548 000000f4 T __lshift
0011d63c 0000005c T __mcmp
0011d698 00000168 T __mdiff
0011d800 00000074 T __ulp
0011d874 000000d4 T __b2d
0011d948 00000100 T __d2b
0011da48 00000084 T __ratio
0011dacc 0000006c T __copybits
0011db38 00000078 T __any_on
0011dbb0 00000020 T realloc
0011dbd0 000004bc T _realloc_r
0011e08c 000000cc T __sccl
0011e158 0000000c T nanf
0011e168 000000a8 T frexp
0011e210 00000064 T sprintf
0011e274 00000100 T stpncpy
0011e374 00000180 T strchr
0011e4f4 0000010c T strncmp
0011e600 00000054 t sulp
0011e658 00001404 T _strtod_l
0011fa5c 0000003c T _strtod_r
0011fa98 00000260 t _strtoll_l.isra.0
0011fcf8 00000050 T _strtoll_r
0011fd48 000001b8 t _strtol_l.isra.0
0011ff00 00000050 T _strtol_r
0011ff50 00000260 t _strtoull_l.isra.0
001201b0 00000050 T _strtoull_r
00120200 000001cc t _strtoul_l.isra.0
001203cc 00000050 T _strtoul_r
0012041c 00000188 T __ssprint_r
001205a4 000000e4 T _sungetc_r
00120688 0000006c T __ssrefill_r
001206f4 000000c8 T _sfread_r
001207bc 00000630 t get_arg
00120df0 00003640 T _svfprintf_r
00124430 000000a4 T __submore
001244d4 00000184 T _wcsnrtombs_l
00124658 00000064 T _wcsnrtombs_r
001246bc 000000e8 T __utf8_wctomb
001247a4 00000160 T _fclose_r
00124904 000000ec t rshift
001249f0 00000828 T __gethex
00125218 00000060 T __match
00125278 00000254 T __hexnan
001254cc 00000008 t null_write
001254d4 00000018 T setDefaultDevice
001254ec 000000cc T FindDevice
001255b8 00000028 T RemoveDevice
001255e0 0000009c T AddDevice
0012567c 00000084 T _close_r
00125700 00000074 T _fstat_r
00125774 00000008 T _isatty_r
0012577c 00000084 T _lseek_r
00125800 00000080 T _read_r
00125880 00000070 T _sbrk_r
001258f0 00000080 T _write_r
00125970 000001cc T _concatenate_path
00125b3c 0000015c T chdir
00125c98 00000008 T __flockfile
00125ca0 00000008 T __funlockfile
00125ca8 00000018 T __libc_lock_acquire
00125cc0 00000018 T __libc_lock_release
00125cd8 00000018 T __libc_lock_init_recursive
00125cf0 00000018 T __libc_lock_acquire_recursive
00125d08 00000018 T __libc_lock_release_recursive
00125d20 00000018 T __libc_lock_close_recursive
00125d38 0000008c T __release_handle
00125dc4 00000018 T __get_handle
00125ddc 00000028 T __getreent
00125e04 00000044 T strrchr
00125e48 T _fini
00126000 R render2d_shbin
0012618c R render2d_shbin_end
0012618c R render2d_shbin_size
00126190 R default_font_bin
00126990 R default_font_bin_end
00126990 R default_font_bin_size
00126a84 00000010 r CSWTCH.7
00126a94 00000005 r colorFmtSizes
00126a9c 00000004 r depthFmtSizes
00126aa0 00000030 r colorTable
00126b2c 00000070 r dotab_stdout
00126bac 00000014 r CSWTCH.56
00126bc0 00000008 r framebufferInfoSt
00126c20 00000030 r error_table
00126c68 00000080 r npio2_hw
00126ce8 00000318 r two_over_pi
00127000 0000002c r PIo2
0012702c 0000000c r init_jk
00127038 00000020 r atanhi
00127058 00000020 r atanlo
00127080 00000022 r basefix.8753
001270cc 00000010 r blanks.8688
001270dc 00000010 r zeroes.8689
00127100 00000010 r blanks.8720
00127110 00000010 r zeroes.8721
00127130 r .LC2
00127148 000000bc r a1
00127204 000000bc r a2
001272c0 0000005b r a3
0012731c 00000070 r a6
0012738c 000000a2 r a7
00127430 00000040 r a8
00127470 0000172a r b02cf
00128b9c 00001a7c r d02f4
0012a660 00000028 R __mprec_bigtens
0012a688 000000c8 R __mprec_tens
0012a750 0000000c r p05.7473
0012a76c 00000014 r fpi.7553
0012a780 00000014 r fpinan.7589
0012a798 00000028 r tinytens
0012a7c0 0000006c R __action_table
0012a82c 00000100 R __chclass
0012a92c 0000006c R __state_table
0012a998 00000010 r blanks.8705
0012a9a8 00000010 r zeroes.8706
0012a9b8 00000101 R _ctype_
0012aabc 00000100 R __hexdig
0012abc4 00000070 R dotab_stdnull
0012ac34 00000003 R DIRECTORY_PARENT
0012ac38 r 
0012ac38 R __exidx_end
0012ac38 R __exidx_start
0012b000 W __stacksize__
0012b004 00000004 d framerate
0012b008 00000008 d framerateCounter
0012b010 00000004 D currentConsole
0012b014 0000004c D defaultConsole
0012b060 00000001 d firstConsoleInit.8401
0012b061 00000001 d botFormat
0012b064 00000008 d doubleBuf
0012b06c 00000001 d topFormat
0012b070 00000004 d queueLock
0012b074 00000004 d gspLastEvent
0012b078 00000004 d aptFlags
0012b07c 00000004 V __ctru_linear_heap_size
0012b080 00000401 d __cwd
0012b484 00000070 d sdmc_devoptab
0012b4f4 00000004 D _impure_ptr
0012b4f8 00000460 d impure_data
0012b958 00000408 D __malloc_av_
0012bd60 00000004 D __malloc_sbrk_base
0012bd64 00000004 D __malloc_trim_threshold
0012bd68 0000000c d __malloc_recursive_mutex
0012bd74 0000000c d __sfp_recursive_mutex
0012bd80 0000000c d __sinit_recursive_mutex
0012bd8c 0000016c D __global_locale
0012bef8 00000004 d defaultDevice
0012befc 0000008c D devoptab_list
0012bf88 00001000 d _current_working_directory
0012cf88 00000004 d __hndl_lock
0012cf8c 0000000c d __stderr_handle
0012cf98 0000000c d __stdin_handle
0012cfa4 0000000c d __stdout_handle
0012cfb0 00001000 d handles
0012dfb0 t __frame_dummy_init_array_entry
0012dfb0 T __init_array_start
0012dfb0 B __preinit_array_end
0012dfb0 B __preinit_array_start
0012dfb0 D __tdata_lma
0012dfb0 D __tdata_lma_end
0012dfb0 D __TMC_END__
0012dfb0 d __TMC_LIST__
0012dfb4 t __do_global_dtors_aux_fini_array_entry
0012dfb4 T __fini_array_start
0012dfb4 T __init_array_end
0012dfb8 T __bss_start__
0012dfb8 T __fini_array_end
0012dfb8 b saved_stack
0012dfc0 b completed.10346
0012dfc4 b object.10351
0012dfdc 00000040 b s_projBot
0012e01c 00000040 b s_projTop
0012e05c 00000004 b uLoc_mdlvMtx
0012e060 00000004 b uLoc_projMtx
0012e064 000000c0 b C3Di_FVUnifEverDirty
0012e124 00000008 b C3Di_IVUnifEverDirty
0012e12c 00000018 b C3Di_ShaderFVecData
0012e148 00000010 b cpuTime
0012e158 00000004 b firstTarget
0012e15c 00000008 b frameCounter
0012e164 00000004 b frameEndCb
0012e168 00000004 b frameEndCbData
0012e16c 00000001 b frameStage
0012e170 00000010 b gpuTime
0012e180 00000001 b inFrame
0012e181 00000001 b inSafeTransfer
0012e182 00000001 b initialized
0012e184 00000004 b lastTarget
0012e188 0000000c b linkedTarget
0012e194 00000001 b measureGpuTime
0012e198 0000000c b hookCookie
0012e1a4 0000000c b sAddrMap
0012e1b0 00000008 b sVramPool
0012e1b8 00000008 b sLinearPool
0012e1c0 0000000c b sAddrMap
0012e1cc 00000001 V __ctru_speedup
0012e1d0 00000002 b currentBuffer
0012e1d2 00000001 b enable3d
0012e1d4 00000004 b screenAlloc
0012e1d8 00000004 b screenFree
0012e1dc 00000004 b boundQueue
0012e1e0 00000004 b curQueue
0012e1e4 00000001 b isActive
0012e1e5 00000001 b isRunning
0012e1e6 00000001 b shouldStop
0012e1e8 00000004 b gspEvent
0012e1ec 0000001c b gspEventCb
0012e208 0000001c b gspEventCbData
0012e224 00000007 b gspEventCbOneShot
0012e22c 0000001c b gspEventCounts
0012e248 00000004 b gspEventData
0012e24c 00000004 b gspEventThread
0012e250 00000038 b gspEvents
0012e288 00000004 b gspRefCount
0012e28c 00000001 b gspRunEvents
0012e28d 00000001 b aptChainloadMediatype
0012e290 00000008 b aptChainloadTid
0012e298 00000004 b aptEventHandlerThread
0012e29c 0000000c b aptEvents
0012e2a8 0000000c b aptFirstHook
0012e2b4 00000001 b aptHomeButtonState
0012e2b8 00000004 b aptLockHandle
0012e2bc 00000004 b aptMessageFunc
0012e2c0 00000004 b aptMessageFuncData
0012e2c4 00001000 b aptParameters
0012f2c4 00000004 b aptRefCount
0012f2c8 00000008 b aptSleepEvent
0012f2d0 00000001 b flagInit.8273
0012f2d1 00000001 b flagValue.8274
0012f2d4 00000004 b serviceName.7912
0012f2d8 00000006 b aVec
0012f2e0 00000004 b cPos
0012f2e4 00000006 b gRate
0012f2ec 00000004 b hidRefCount
0012f2f0 00000004 b kDown
0012f2f4 00000004 b kHeld
0012f2f8 00000004 b kOld
0012f2fc 00000004 b kUp
0012f300 00000004 b tPos
0012f304 00000004 b ptmSysmHandle
0012f308 00000004 b ptmSysmRefCount
0012f30c 00000004 V __ctru_heap_size
0012f310 00000008 b sMappablePool
0012f318 0000000c b sAddrMap
0012f324 00000004 b arbiter
0012f328 00000004 b srvHandle
0012f32c 00000004 b srvRefCount
0012f330 00000004 b csPos
0012f334 00000004 b irrstRefCount
0012f338 00000004 b kHeld
0012f33c 00000004 b srvPmHandle
0012f340 00000008 b sdmcArchive
0012f348 00000001 b sdmcInitialised
0012f350 00000080 b fsExemptArchives
0012f3d0 00000004 b fsuHandle
0012f3d4 00000004 b fsuRefCount
0012f3d8 00000028 B __malloc_current_mallinfo
0012f400 00000004 B __malloc_max_sbrked_mem
0012f404 00000004 B __malloc_max_total_mem
0012f408 00000004 B __malloc_top_pad
0012f40c 00000004 b heap_start.7392
0012f410 00000004 B fake_heap_end
0012f414 00000004 B fake_heap_start
0012f418 00001000 b temp_cwd
00130418 00000048 B __syscalls
00130460 000005a0 B __C2Di_Context
00130a00 00000020 B C3D_IVUnif
00130a20 000000c0 B C3D_FVUnifDirty
00130ae0 00000002 B C3D_BoolUnifsDirty
00130ae4 00000008 B C3D_IVUnifDirty
00130aec 00000004 B C3D_BoolUnifs
00130af0 00000c00 B C3D_FVUnif
001316f0 000002d0 B __C3D_Context
001319c0 0000004c B currentCopy
00131a0c 00000008 B gfxBottomFramebuffers
00131a14 00000004 B gspSharedMemHandle
00131a18 0000001c B bottomFramebufferInfo
00131a34 00000004 B gspEvent
00131a38 00000008 B gfxTopLeftFramebuffers
00131a40 00000008 B gfxTopRightFramebuffers
00131a48 0000001c B topFramebufferInfo
00131a64 00000001 B gfxThreadID
00131a68 00000004 B gfxSharedMemory
00131a6c 00000004 B gfxTopFramebufferMaxSize
00131a70 00000004 B gfxBottomFramebufferMaxSize
00131a74 00000004 B gxCmdBuf
00131a78 00000004 B gpuCmdBuf
00131a7c 00000004 B gpuCmdBufOffset
00131a80 00000004 B gpuCmdBufSize
00131a84 00000004 B gspGpuHandle
00131a88 00000004 B hidMemHandle
00131a8c 00000004 B hidHandle
00131a90 00000004 B hidSharedMem
00131a94 00000014 B hidEvents
00131aa8 00000004 B __system_retAddr
00131aac 00000004 B __ctru_linear_heap
00131ab0 00000004 B __ctru_heap
00131ab4 00000004 B __system_argv
00131ab8 00000004 B __system_argc
00131abc 00000004 B irrstHandle
00131ac0 00000004 B irrstEvent
00131ac4 00000004 B irrstMemHandle
00131ac8 00000004 B irrstSharedMem
00131acc B __tls_start
00132ed8 B __bss_end__
00132ed8 A __end__
00132ed8 B __tls_end
